<?xml version="1.0" encoding="UTF-8"?>
<testng-results skipped="0" failed="1" ignored="0" total="1" passed="0">
  <reporter-output>
  </reporter-output>
  <suite name="Blood Bank Mobile Application" duration-ms="68254" started-at="2022-10-05T22:16:47 EET" finished-at="2022-10-05T22:17:55 EET">
    <groups>
      <group name="smoke">
        <method signature="TC02_CheckSignUp.signUpNewUser()[pri:1, instance:test_cases.TC02_CheckSignUp@175c2241]" name="signUpNewUser" class="test_cases.TC02_CheckSignUp"/>
      </group> <!-- smoke -->
    </groups>
    <test name="Test Sign Up Operation" duration-ms="68254" started-at="2022-10-05T22:16:47 EET" finished-at="2022-10-05T22:17:55 EET">
      <class name="test_cases.TC02_CheckSignUp">
        <test-method status="PASS" signature="prepare()[pri:0, instance:test_cases.TC02_CheckSignUp@175c2241]" name="prepare" is-config="true" duration-ms="18400" started-at="2022-10-05T22:16:47 EET" finished-at="2022-10-05T22:17:05 EET">
          <reporter-output>
          </reporter-output>
        </test-method> <!-- prepare -->
        <test-method status="FAIL" signature="signUpNewUser()[pri:1, instance:test_cases.TC02_CheckSignUp@175c2241]" name="signUpNewUser" duration-ms="48683" started-at="2022-10-05T22:17:05 EET" description="Register New user in the application" finished-at="2022-10-05T22:17:54 EET">
          <exception class="java.lang.ClassCastException">
            <message>
              <![CDATA[io.appium.java_client.android.AndroidDriver cannot be cast to org.openqa.selenium.interactions.HasTouchScreen]]>
            </message>
            <full-stacktrace>
              <![CDATA[java.lang.ClassCastException: io.appium.java_client.android.AndroidDriver cannot be cast to org.openqa.selenium.interactions.HasTouchScreen
at org.openqa.selenium.interactions.touch.TouchActions.<init>(TouchActions.java:38)
at org.example.pages.P03_HomePage.signout(P03_HomePage.java:28)
at test_cases.TC02_CheckSignUp.signUpNewUser(TC02_CheckSignUp.java:39)
at sun.reflect.NativeMethodAccessorImpl.invoke0(Native Method)
at sun.reflect.NativeMethodAccessorImpl.invoke(NativeMethodAccessorImpl.java:62)
at sun.reflect.DelegatingMethodAccessorImpl.invoke(DelegatingMethodAccessorImpl.java:43)
at java.lang.reflect.Method.invoke(Method.java:498)
at org.testng.internal.MethodInvocationHelper.invokeMethod(MethodInvocationHelper.java:133)
at org.testng.internal.TestInvoker.invokeMethod(TestInvoker.java:598)
at org.testng.internal.TestInvoker.invokeTestMethod(TestInvoker.java:173)
at org.testng.internal.MethodRunner.runInSequence(MethodRunner.java:46)
at org.testng.internal.TestInvoker$MethodInvocationAgent.invoke(TestInvoker.java:824)
at org.testng.internal.TestInvoker.invokeTestMethods(TestInvoker.java:146)
at org.testng.internal.TestMethodWorker.invokeTestMethods(TestMethodWorker.java:146)
at org.testng.internal.TestMethodWorker.run(TestMethodWorker.java:128)
at java.util.ArrayList.forEach(ArrayList.java:1257)
at org.testng.TestRunner.privateRun(TestRunner.java:794)
at org.testng.TestRunner.run(TestRunner.java:596)
at org.testng.SuiteRunner.runTest(SuiteRunner.java:377)
at org.testng.SuiteRunner.runSequentially(SuiteRunner.java:371)
at org.testng.SuiteRunner.privateRun(SuiteRunner.java:332)
at org.testng.SuiteRunner.run(SuiteRunner.java:276)
at org.testng.SuiteRunnerWorker.runSuite(SuiteRunnerWorker.java:53)
at org.testng.SuiteRunnerWorker.run(SuiteRunnerWorker.java:96)
at org.testng.TestNG.runSuitesSequentially(TestNG.java:1212)
at org.testng.TestNG.runSuitesLocally(TestNG.java:1134)
at org.testng.TestNG.runSuites(TestNG.java:1063)
at org.testng.TestNG.run(TestNG.java:1031)
at com.intellij.rt.testng.IDEARemoteTestNG.run(IDEARemoteTestNG.java:66)
at com.intellij.rt.testng.RemoteTestNGStarter.main(RemoteTestNGStarter.java:109)
]]>
            </full-stacktrace>
          </exception> <!-- java.lang.ClassCastException -->
          <reporter-output>
          </reporter-output>
        </test-method> <!-- signUpNewUser -->
        <test-method status="PASS" signature="TearDown()[pri:0, instance:test_cases.TC02_CheckSignUp@175c2241]" name="TearDown" is-config="true" duration-ms="1018" started-at="2022-10-05T22:17:54 EET" finished-at="2022-10-05T22:17:55 EET">
          <reporter-output>
          </reporter-output>
        </test-method> <!-- TearDown -->
      </class> <!-- test_cases.TC02_CheckSignUp -->
    </test> <!-- Test Sign Up Operation -->
  </suite> <!-- Blood Bank Mobile Application -->
</testng-results>
